Number of price increases 112
BEGINNING NEW RUN WITH FEATURE:
SPY_pol


            BASELINE
            ########
            ########
            
SGDClassifier [0.3657289002557545, 0.52685421994884907, 0.70053475935828879, 0.55823863636363635, 0.64488636363636365]
0.559248575913

GaussianNB [0.34782608695652173, 0.51662404092071612, 0.71925133689839571, 0.578125, 0.46306818181818182]
0.524978929319

RandomForestClassifier [0.63682864450127874, 0.64450127877237851, 0.46657754010695185, 0.48011363636363635, 0.61363636363636365]
0.568331492676

SVC [0.5, 0.5, 0.29946524064171121, 0.44176136363636359, 0.35511363636363635]
0.419268048128

THE BEST CLASSIFIER WAS
GaussianNB
WITH AN AUC OF 
0.524978929319


            BASELINE -- PREPROCESSED
            ########
            ########
            
SGDClassifier [0.3631713554987212, 0.52685421994884907, 0.70053475935828879, 0.44176136363636359, 0.64630681818181812]
0.535725703325

GaussianNB [0.34782608695652173, 0.51662404092071612, 0.71925133689839571, 0.578125, 0.46306818181818182]
0.524978929319

RandomForestClassifier [0.58695652173913038, 0.6240409207161125, 0.50267379679144375, 0.52840909090909094, 0.64204545454545459]
0.57682515694

SVC [0.5, 0.47314578005115088, 0.29946524064171121, 0.43892045454545453, 0.35511363636363635]
0.41332902232

THE BEST CLASSIFIER WAS
GaussianNB
WITH AN AUC OF 
0.524978929319




BEGINNING NEW RUN WITH FEATURE:
SPY_subj


            BASELINE
            ########
            ########
            
SGDClassifier [0.48849104859335035, 0.43734015345268545, 0.47058823529411764, 0.53977272727272729, 0.50568181818181812]
0.488374796559

GaussianNB [0.44501278772378516, 0.42199488491048592, 0.4331550802139037, 0.40909090909090912, 0.44602272727272729]
0.431055277842

RandomForestClassifier [0.61508951406649615, 0.479539641943734, 0.50133689839572193, 0.61789772727272729, 0.546875]
0.552147756336

SVC [0.50895140664961636, 0.56265984654731449, 0.47058823529411764, 0.47159090909090912, 0.51846590909090906]
0.506451261335

THE BEST CLASSIFIER WAS
SVC
WITH AN AUC OF 
0.506451261335


            BASELINE -- PREPROCESSED
            ########
            ########
            
SGDClassifier [0.48849104859335035, 0.56265984654731449, 0.47058823529411764, 0.46022727272727271, 0.49431818181818188]
0.495256916996

GaussianNB [0.44501278772378516, 0.42199488491048592, 0.4331550802139037, 0.40909090909090912, 0.44602272727272729]
0.431055277842

RandomForestClassifier [0.62148337595907921, 0.50511508951406658, 0.51069518716577544, 0.65482954545454541, 0.58664772727272729]
0.575754185073

SVC [0.50895140664961636, 0.43734015345268545, 0.47058823529411764, 0.53977272727272729, 0.49431818181818188]
0.490194140897

THE BEST CLASSIFIER WAS
SGDClassifier
WITH AN AUC OF 
0.495256916996




BEGINNING NEW RUN WITH FEATURE:
SPY_prpr


            BASELINE
            ########
            ########
            
SGDClassifier [0.33503836317135555, 0.51406649616368294, 0.68716577540106938, 0.54829545454545459, 0.66193181818181823]
0.549299581493

GaussianNB [0.33503836317135549, 0.50383631713554988, 0.64171122994652408, 0.52272727272727271, 0.56534090909090917]
0.513730818414

RandomForestClassifier [0.50511508951406647, 0.53580562659846542, 0.53208556149732611, 0.54829545454545447, 0.56960227272727271]
0.538180800977

SVC [0.66496163682864451, 0.51406649616368294, 0.69117647058823528, 0.54829545454545459, 0.66193181818181823]
0.616086375262

THE BEST CLASSIFIER WAS
GaussianNB
WITH AN AUC OF 
0.513730818414


            BASELINE -- PREPROCESSED
            ########
            ########
            
SGDClassifier [0.33503836317135555, 0.51406649616368294, 0.31283422459893045, 0.54829545454545459, 0.33806818181818182]
0.40966054406

GaussianNB [0.33503836317135549, 0.50383631713554988, 0.64171122994652408, 0.52272727272727271, 0.56534090909090917]
0.513730818414

RandomForestClassifier [0.52813299232736566, 0.57928388746803072, 0.59893048128342241, 0.49857954545454547, 0.52840909090909083]
0.546667199488

SVC [0.5, 0.48593350383631712, 0.30748663101604279, 0.54829545454545459, 0.33806818181818182]
0.435956754243

THE BEST CLASSIFIER WAS
GaussianNB
WITH AN AUC OF 
0.513730818414




BEGINNING NEW RUN WITH FEATURE:
SPY_nrpr


            BASELINE
            ########
            ########
            
SGDClassifier [0.46291560102301788, 0.59079283887468037, 0.59625668449197866, 0.60227272727272729, 0.56818181818181823]
0.564083933969

GaussianNB [0.46291560102301788, 0.59079283887468037, 0.59625668449197866, 0.58238636363636354, 0.48863636363636365]
0.544197570332

RandomForestClassifier [0.51150895140664954, 0.46291560102301793, 0.5762032085561497, 0.41193181818181818, 0.53267045454545459]
0.499046006743

SVC [0.53708439897698212, 0.40920716112531969, 0.40374331550802134, 0.39772727272727271, 0.43181818181818177]
0.435916066031

THE BEST CLASSIFIER WAS
RandomForestClassifier
WITH AN AUC OF 
0.499046006743


            BASELINE -- PREPROCESSED
            ########
            ########
            
SGDClassifier [0.53836317135549883, 0.59079283887468037, 0.59491978609625662, 0.60227272727272729, 0.56534090909090917]
0.578337886538

GaussianNB [0.46291560102301788, 0.59079283887468037, 0.59625668449197866, 0.58238636363636354, 0.48863636363636365]
0.544197570332

RandomForestClassifier [0.55626598465473154, 0.48465473145780047, 0.59358288770053469, 0.43039772727272729, 0.57386363636363635]
0.52775299349

SVC [0.49232736572890023, 0.59079283887468037, 0.59759358288770059, 0.39772727272727271, 0.56818181818181823]
0.52932457568

THE BEST CLASSIFIER WAS
RandomForestClassifier
WITH AN AUC OF 
0.52775299349




BEGINNING NEW RUN WITH FEATURE:
SPY_sdpr


            BASELINE
            ########
            ########
            
SGDClassifier [0.39386189258312027, 0.56905370843989767, 0.66042780748663099, 0.55681818181818188, 0.60795454545454553]
0.557623227156

GaussianNB [0.39386189258312027, 0.56905370843989767, 0.66042780748663099, 0.55681818181818188, 0.5]
0.536032318066

RandomForestClassifier [0.48593350383631717, 0.56265984654731449, 0.6697860962566845, 0.70596590909090917, 0.67613636363636365]
0.620096343874

SVC [0.5, 0.5, 0.66042780748663099, 0.43181818181818182, 0.39204545454545453]
0.49685828877

THE BEST CLASSIFIER WAS
SVC
WITH AN AUC OF 
0.49685828877


            BASELINE -- PREPROCESSED
            ########
            ########
            
SGDClassifier [0.39258312020460362, 0.56905370843989767, 0.33957219251336901, 0.55681818181818188, 0.60795454545454553]
0.493196349686

GaussianNB [0.39386189258312027, 0.56905370843989767, 0.66042780748663099, 0.55681818181818188, 0.5]
0.536032318066

RandomForestClassifier [0.46675191815856776, 0.58567774936061379, 0.61096256684491979, 0.71590909090909094, 0.73579545454545459]
0.623019355964

SVC [0.5, 0.53964194373401531, 0.33957219251336901, 0.5, 0.60795454545454553]
0.49743373634

THE BEST CLASSIFIER WAS
SVC
WITH AN AUC OF 
0.49743373634




BEGINNING NEW RUN WITH FEATURE:
VIX_pol


            BASELINE
            ########
            ########
            
SGDClassifier [0.49360613810741683, 0.63938618925831203, 0.3970588235294118, 0.58522727272727271, 0.54829545454545459]
0.532714775634

GaussianNB [0.55498721227621484, 0.41432225063938621, 0.54411764705882359, 0.36931818181818188, 0.63920454545454541]
0.504389967449

RandomForestClassifier [0.54475703324808178, 0.47314578005115093, 0.46256684491978611, 0.31818181818181818, 0.59943181818181823]
0.479616658917

SVC [0.50639386189258317, 0.63938618925831203, 0.60294117647058831, 0.41477272727272729, 0.44886363636363635]
0.522471518252

THE BEST CLASSIFIER WAS
GaussianNB
WITH AN AUC OF 
0.504389967449


            BASELINE -- PREPROCESSED
            ########
            ########
            
SGDClassifier [0.49360613810741683, 0.36061381074168797, 0.60294117647058831, 0.58522727272727271, 0.54829545454545459]
0.518136770518

GaussianNB [0.55498721227621484, 0.41432225063938621, 0.54411764705882359, 0.36931818181818188, 0.63920454545454541]
0.504389967449

RandomForestClassifier [0.54859335038363177, 0.45012787723785169, 0.44385026737967914, 0.30539772727272724, 0.60937499999999989]
0.471468844455

SVC [0.49360613810741683, 0.36061381074168797, 0.60294117647058831, 0.58522727272727271, 0.54829545454545459]
0.518136770518

THE BEST CLASSIFIER WAS
GaussianNB
WITH AN AUC OF 
0.504389967449




BEGINNING NEW RUN WITH FEATURE:
VIX_subj


            BASELINE
            ########
            ########
            
SGDClassifier [0.55498721227621495, 0.43734015345268545, 0.5762032085561497, 0.48863636363636365, 0.65340909090909083]
0.542115205766

GaussianNB [0.55498721227621495, 0.43222506393861893, 0.57352941176470584, 0.49715909090909088, 0.65340909090909083]
0.54226197396

RandomForestClassifier [0.53069053708439895, 0.52429667519181589, 0.47860962566844922, 0.51988636363636354, 0.51846590909090906]
0.514389822134

SVC [0.55498721227621495, 0.43734015345268545, 0.5762032085561497, 0.51136363636363646, 0.65340909090909083]
0.546660660312

THE BEST CLASSIFIER WAS
RandomForestClassifier
WITH AN AUC OF 
0.514389822134


            BASELINE -- PREPROCESSED
            ########
            ########
            
SGDClassifier [0.55498721227621495, 0.43734015345268545, 0.5762032085561497, 0.51136363636363646, 0.34659090909090906]
0.485297023948

GaussianNB [0.55498721227621495, 0.43222506393861893, 0.57352941176470584, 0.49715909090909088, 0.65340909090909083]
0.54226197396

RandomForestClassifier [0.51790281329923271, 0.52557544757033248, 0.49598930481283421, 0.47443181818181818, 0.65198863636363646]
0.533177604046

SVC [0.44501278772378516, 0.5626598465473146, 0.4237967914438503, 0.48863636363636365, 0.35085227272727271]
0.454191612416

THE BEST CLASSIFIER WAS
SGDClassifier
WITH AN AUC OF 
0.485297023948




BEGINNING NEW RUN WITH FEATURE:
VIX_prpr


            BASELINE
            ########
            ########
            
SGDClassifier [0.53836317135549872, 0.36317135549872126, 0.41711229946524064, 0.40056818181818177, 0.51704545454545447]
0.447252092537

GaussianNB [0.3849104859335038, 0.33759590792838878, 0.36631016042780751, 0.40056818181818177, 0.70738636363636365]
0.439354219949

RandomForestClassifier [0.5, 0.64961636828644498, 0.30882352941176472, 0.37357954545454541, 0.60227272727272729]
0.486858434085

SVC [0.46163682864450123, 0.36317135549872126, 0.41711229946524064, 0.40056818181818177, 0.51704545454545447]
0.431906823994

THE BEST CLASSIFIER WAS
RandomForestClassifier
WITH AN AUC OF 
0.486858434085


            BASELINE -- PREPROCESSED
            ########
            ########
            
SGDClassifier [0.46163682864450123, 0.63682864450127874, 0.41711229946524064, 0.59375, 0.48295454545454547]
0.518456463613

GaussianNB [0.3849104859335038, 0.33759590792838878, 0.36631016042780751, 0.40056818181818177, 0.70738636363636365]
0.439354219949

RandomForestClassifier [0.53452685421994883, 0.54987212276214836, 0.33288770053475936, 0.34375, 0.53835227272727271]
0.459877790049

SVC [0.53836317135549872, 0.36061381074168797, 0.58288770053475936, 0.59943181818181823, 0.48295454545454547]
0.512850209254

THE BEST CLASSIFIER WAS
SVC
WITH AN AUC OF 
0.512850209254




BEGINNING NEW RUN WITH FEATURE:
VIX_nrpr


            BASELINE
            ########
            ########
            
SGDClassifier [0.55754475703324813, 0.39897698209718668, 0.64973262032085566, 0.52414772727272718, 0.65340909090909083]
0.556762235527

GaussianNB [0.55754475703324813, 0.39897698209718668, 0.56417112299465244, 0.52414772727272718, 0.65340909090909083]
0.539649936061

RandomForestClassifier [0.40153452685421998, 0.37851662404092068, 0.53074866310160429, 0.53835227272727271, 0.47727272727272729]
0.465284962799

SVC [0.44245524296675193, 0.39897698209718668, 0.33422459893048129, 0.47585227272727271, 0.34659090909090906]
0.399620001163

THE BEST CLASSIFIER WAS
RandomForestClassifier
WITH AN AUC OF 
0.465284962799


            BASELINE -- PREPROCESSED
            ########
            ########
            
SGDClassifier [0.44245524296675193, 0.39897698209718668, 0.64973262032085566, 0.52414772727272718, 0.34517045454545453]
0.472096605441

GaussianNB [0.55754475703324813, 0.39897698209718668, 0.56417112299465244, 0.52414772727272718, 0.65340909090909083]
0.539649936061

RandomForestClassifier [0.46547314578005117, 0.47826086956521735, 0.50534759358288772, 0.46022727272727271, 0.44602272727272729]
0.471066321786

SVC [0.55754475703324813, 0.53452685421994883, 0.42914438502673802, 0.52982954545454541, 0.34659090909090906]
0.479527290165

THE BEST CLASSIFIER WAS
SVC
WITH AN AUC OF 
0.479527290165




BEGINNING NEW RUN WITH FEATURE:
VIX_sdpr


            BASELINE
            ########
            ########
            
SGDClassifier [0.54475703324808189, 0.38363171355498721, 0.34090909090909094, 0.54829545454545459, 0.60227272727272729]
0.483973203906

GaussianNB [0.55498721227621484, 0.38363171355498721, 0.50935828877005351, 0.57102272727272729, 0.64772727272727271]
0.53334544292

RandomForestClassifier [0.53069053708439884, 0.5383631713554986, 0.35026737967914434, 0.47443181818181818, 0.47727272727272735]
0.474205126715

SVC [0.45268542199488493, 0.5, 0.65909090909090906, 0.45170454545454541, 0.60227272727272729]
0.533150720763

THE BEST CLASSIFIER WAS
SGDClassifier
WITH AN AUC OF 
0.483973203906


            BASELINE -- PREPROCESSED
            ########
            ########
            
SGDClassifier [0.52813299232736566, 0.38363171355498721, 0.34090909090909094, 0.54829545454545459, 0.39772727272727271]
0.439739304813

GaussianNB [0.55498721227621484, 0.38363171355498721, 0.50935828877005351, 0.57102272727272729, 0.64772727272727271]
0.53334544292

RandomForestClassifier [0.51534526854219953, 0.520460358056266, 0.31149732620320858, 0.49573863636363635, 0.44744318181818182]
0.458096954197

SVC [0.54475703324808189, 0.61636828644501274, 0.65374331550802134, 0.54829545454545459, 0.60227272727272729]
0.593087363404

THE BEST CLASSIFIER WAS
GaussianNB
WITH AN AUC OF 
0.53334544292




BEGINNING NEW RUN WITH FEATURE:
AAPL_pol


            BASELINE
            ########
            ########
            
SGDClassifier [0.41048593350383633, 0.52429667519181589, 0.40508021390374332, 0.55113636363636365, 0.44176136363636365]
0.466552109974

GaussianNB [0.53836317135549872, 0.48337595907928388, 0.48262032085561501, 0.62784090909090906, 0.54403409090909094]
0.535246890258

RandomForestClassifier [0.43094629156010228, 0.53069053708439906, 0.48128342245989303, 0.39630681818181823, 0.47727272727272729]
0.463299959312

SVC [0.41048593350383633, 0.47570332480818417, 0.59491978609625673, 0.54971590909090917, 0.44176136363636365]
0.494517263427

THE BEST CLASSIFIER WAS
SVC
WITH AN AUC OF 
0.494517263427


            BASELINE -- PREPROCESSED
            ########
            ########
            
SGDClassifier [0.58951406649616356, 0.47570332480818417, 0.40508021390374332, 0.4488636363636363, 0.55823863636363635]
0.495479975587

GaussianNB [0.53836317135549872, 0.48337595907928388, 0.48262032085561501, 0.62784090909090906, 0.54403409090909094]
0.535246890258

RandomForestClassifier [0.38746803069053704, 0.54603580562659848, 0.46657754010695185, 0.47727272727272718, 0.47301136363636365]
0.470073093467

SVC [0.41048593350383633, 0.52429667519181589, 0.59491978609625673, 0.4488636363636363, 0.44176136363636365]
0.484065478958

THE BEST CLASSIFIER WAS
SGDClassifier
WITH AN AUC OF 
0.495479975587




BEGINNING NEW RUN WITH FEATURE:
AAPL_subj


            BASELINE
            ########
            ########
            
SGDClassifier [0.43989769820971858, 0.37851662404092068, 0.61229946524064172, 0.52272727272727271, 0.44602272727272724]
0.479892757498

GaussianNB [0.47570332480818417, 0.57800511508951402, 0.66310160427807485, 0.53693181818181812, 0.45170454545454541]
0.541089281562

RandomForestClassifier [0.36061381074168797, 0.51790281329923271, 0.38636363636363635, 0.57386363636363635, 0.44318181818181812]
0.45638514299

SVC [0.5, 0.38107416879795397, 0.44117647058823528, 0.5, 0.44602272727272724]
0.453654673332

THE BEST CLASSIFIER WAS
SGDClassifier
WITH AN AUC OF 
0.479892757498


            BASELINE -- PREPROCESSED
            ########
            ########
            
SGDClassifier [0.56010230179028131, 0.37851662404092068, 0.38770053475935828, 0.52272727272727271, 0.44602272727272724]
0.459013892118

GaussianNB [0.47570332480818417, 0.57800511508951402, 0.66310160427807485, 0.53693181818181812, 0.45170454545454541]
0.541089281562

RandomForestClassifier [0.3849104859335038, 0.52046035805626589, 0.40240641711229941, 0.68039772727272729, 0.41761363636363635]
0.481157724948

SVC [0.56010230179028131, 0.62148337595907932, 0.38770053475935828, 0.52272727272727271, 0.55397727272727271]
0.529198151593

THE BEST CLASSIFIER WAS
RandomForestClassifier
WITH AN AUC OF 
0.481157724948




BEGINNING NEW RUN WITH FEATURE:
AAPL_prpr


            BASELINE
            ########
            ########
            
SGDClassifier [0.52941176470588236, 0.47058823529411764, 0.54812834224598928, 0.52840909090909083, 0.48579545454545453]
0.51246657754

GaussianNB [0.42455242966751916, 0.47314578005115088, 0.446524064171123, 0.52840909090909083, 0.42897727272727271]
0.460321727505

RandomForestClassifier [0.44245524296675193, 0.39897698209718674, 0.5, 0.40482954545454547, 0.59375]
0.468002354104

SVC [0.52941176470588236, 0.52941176470588236, 0.45187165775401061, 0.52840909090909083, 0.484375]
0.504695855615

THE BEST CLASSIFIER WAS
SVC
WITH AN AUC OF 
0.504695855615


            BASELINE -- PREPROCESSED
            ########
            ########
            
SGDClassifier [0.52941176470588236, 0.52941176470588236, 0.54812834224598928, 0.47159090909090912, 0.48579545454545453]
0.512867647059

GaussianNB [0.42455242966751916, 0.47314578005115088, 0.446524064171123, 0.52840909090909083, 0.42897727272727271]
0.460321727505

RandomForestClassifier [0.43606138107416881, 0.40025575447570338, 0.57486631016042788, 0.48863636363636365, 0.56960227272727271]
0.493884416415

SVC [0.47058823529411764, 0.57289002557544755, 0.54812834224598928, 0.46590909090909094, 0.48579545454545453]
0.508662229714

THE BEST CLASSIFIER WAS
RandomForestClassifier
WITH AN AUC OF 
0.493884416415




BEGINNING NEW RUN WITH FEATURE:
AAPL_nrpr


            BASELINE
            ########
            ########
            
SGDClassifier [0.43734015345268545, 0.61764705882352944, 0.39037433155080214, 0.546875, 0.46590909090909088]
0.491629126947

GaussianNB [0.43734015345268545, 0.58184143222506401, 0.41176470588235292, 0.546875, 0.46590909090909094]
0.488746076494

RandomForestClassifier [0.34782608695652173, 0.47314578005115093, 0.46925133689839571, 0.43465909090909094, 0.46306818181818177]
0.437590095327

SVC [0.56265984654731449, 0.38235294117647062, 0.39037433155080214, 0.453125, 0.53409090909090906]
0.464520605673

THE BEST CLASSIFIER WAS
SGDClassifier
WITH AN AUC OF 
0.491629126947


            BASELINE -- PREPROCESSED
            ########
            ########
            
SGDClassifier [0.56010230179028131, 0.38235294117647062, 0.39037433155080214, 0.453125, 0.46590909090909088]
0.450372733085

GaussianNB [0.43734015345268545, 0.58184143222506401, 0.41176470588235292, 0.546875, 0.46590909090909094]
0.488746076494

RandomForestClassifier [0.44501278772378516, 0.49616368286445012, 0.48529411764705876, 0.39488636363636365, 0.49005681818181818]
0.462282754011

SVC [0.43734015345268545, 0.38235294117647062, 0.39037433155080214, 0.453125, 0.53409090909090906]
0.439456667054

THE BEST CLASSIFIER WAS
GaussianNB
WITH AN AUC OF 
0.488746076494




BEGINNING NEW RUN WITH FEATURE:
AAPL_sdpr


            BASELINE
            ########
            ########
            
SGDClassifier [0.43478260869565216, 0.59590792838874684, 0.61497326203208558, 0.56392045454545459, 0.47727272727272735]
0.537371396187

GaussianNB [0.44757033248081834, 0.40920716112531969, 0.38770053475935828, 0.55539772727272729, 0.47727272727272735]
0.455429696582

RandomForestClassifier [0.50767263427109977, 0.52173913043478259, 0.52807486631016043, 0.33806818181818182, 0.34375]
0.447860962567

SVC [0.56521739130434789, 0.40409207161125316, 0.38502673796791442, 0.43607954545454547, 0.47727272727272735]
0.453537694722

THE BEST CLASSIFIER WAS
SGDClassifier
WITH AN AUC OF 
0.537371396187


            BASELINE -- PREPROCESSED
            ########
            ########
            
SGDClassifier [0.43478260869565216, 0.59590792838874684, 0.38502673796791442, 0.56392045454545459, 0.52272727272727271]
0.500473000465

GaussianNB [0.44757033248081834, 0.40920716112531969, 0.38770053475935828, 0.55539772727272729, 0.47727272727272735]
0.455429696582

RandomForestClassifier [0.4475703324808184, 0.52429667519181578, 0.6163101604278074, 0.30397727272727271, 0.34801136363636365]
0.448033160893

SVC [0.43222506393861898, 0.40409207161125316, 0.38502673796791442, 0.43607954545454547, 0.52272727272727271]
0.43603013834

THE BEST CLASSIFIER WAS
SGDClassifier
WITH AN AUC OF 
0.500473000465




BEGINNING NEW RUN WITH FEATURE:
MSFT_pol


            BASELINE
            ########
            ########
            
SGDClassifier [0.42327365728900257, 0.49744245524296676, 0.45187165775401072, 0.72869318181818177, 0.54119318181818188]
0.528494826784

GaussianNB [0.59462915601023014, 0.50767263427109977, 0.38770053475935828, 0.70028409090909094, 0.59232954545454541]
0.556523192281

RandomForestClassifier [0.51534526854219953, 0.62915601023017909, 0.54946524064171132, 0.50284090909090906, 0.43323863636363635]
0.526009212974

SVC [0.57672634271099743, 0.49488491048593353, 0.54679144385026734, 0.27130681818181818, 0.54119318181818188]
0.486180539409

THE BEST CLASSIFIER WAS
SVC
WITH AN AUC OF 
0.486180539409


            BASELINE -- PREPROCESSED
            ########
            ########
            
SGDClassifier [0.57672634271099743, 0.50255754475703318, 0.45187165775401072, 0.27130681818181818, 0.45880681818181818]
0.452253836317

GaussianNB [0.59462915601023014, 0.50767263427109977, 0.38770053475935828, 0.70028409090909094, 0.59232954545454541]
0.556523192281

RandomForestClassifier [0.53708439897698212, 0.72506393861892582, 0.5133689839572193, 0.4801136363636363, 0.50568181818181823]
0.55226255522

SVC [0.57672634271099743, 0.49744245524296676, 0.53609625668449201, 0.72585227272727271, 0.54119318181818188]
0.575462101837

THE BEST CLASSIFIER WAS
SGDClassifier
WITH AN AUC OF 
0.452253836317




BEGINNING NEW RUN WITH FEATURE:
MSFT_subj


            BASELINE
            ########
            ########
            
SGDClassifier [0.53452685421994883, 0.58567774936061368, 0.67379679144385018, 0.65625, 0.44602272727272729]
0.579254824459

GaussianNB [0.53452685421994883, 0.58567774936061368, 0.64438502673796783, 0.65625, 0.44602272727272729]
0.573372471518

RandomForestClassifier [0.51023017902813295, 0.57928388746803072, 0.57887700534759345, 0.56392045454545447, 0.69744318181818177]
0.585950941641

SVC [0.53452685421994883, 0.58567774936061368, 0.32486631016042783, 0.34375, 0.44602272727272729]
0.446968728203

THE BEST CLASSIFIER WAS
SVC
WITH AN AUC OF 
0.446968728203


            BASELINE -- PREPROCESSED
            ########
            ########
            
SGDClassifier [0.54092071611253201, 0.41432225063938621, 0.3262032085561497, 0.65909090909090906, 0.44602272727272729]
0.477311962334

GaussianNB [0.53452685421994883, 0.58567774936061368, 0.64438502673796783, 0.65625, 0.44602272727272729]
0.573372471518

RandomForestClassifier [0.46547314578005117, 0.57161125319693096, 0.59759358288770059, 0.5625, 0.64488636363636365]
0.5684128691

SVC [0.5, 0.5, 0.67647058823529416, 0.38352272727272729, 0.55397727272727271]
0.522794117647

THE BEST CLASSIFIER WAS
SGDClassifier
WITH AN AUC OF 
0.477311962334




BEGINNING NEW RUN WITH FEATURE:
MSFT_prpr


            BASELINE
            ########
            ########
            
SGDClassifier [0.42966751918158569, 0.60869565217391297, 0.6737967914438503, 0.41761363636363635, 0.52414772727272729]
0.530784265287

GaussianNB [0.42966751918158569, 0.60869565217391297, 0.4331550802139037, 0.44034090909090906, 0.52414772727272729]
0.487201377587

RandomForestClassifier [0.49616368286445012, 0.51662404092071612, 0.53208556149732611, 0.70596590909090917, 0.33096590909090906]
0.516361020693

SVC [0.42966751918158569, 0.60869565217391297, 0.33957219251336901, 0.41761363636363635, 0.47585227272727271]
0.454280254592

THE BEST CLASSIFIER WAS
GaussianNB
WITH AN AUC OF 
0.487201377587


            BASELINE -- PREPROCESSED
            ########
            ########
            
SGDClassifier [0.43094629156010228, 0.39130434782608703, 0.3262032085561497, 0.41761363636363635, 0.47585227272727271]
0.408383951407

GaussianNB [0.42966751918158569, 0.60869565217391297, 0.4331550802139037, 0.44034090909090906, 0.52414772727272729]
0.487201377587

RandomForestClassifier [0.53836317135549872, 0.55754475703324813, 0.53609625668449201, 0.61505681818181812, 0.34090909090909088]
0.517594018833

SVC [0.42966751918158569, 0.39130434782608703, 0.6737967914438503, 0.58238636363636365, 0.52414772727272729]
0.520260549872

THE BEST CLASSIFIER WAS
GaussianNB
WITH AN AUC OF 
0.487201377587




BEGINNING NEW RUN WITH FEATURE:
MSFT_nrpr


            BASELINE
            ########
            ########
            
SGDClassifier [0.56010230179028131, 0.5421994884910486, 0.60962566844919786, 0.72727272727272729, 0.47159090909090906]
0.582158219019

GaussianNB [0.51150895140664965, 0.5421994884910486, 0.52941176470588225, 0.73863636363636354, 0.47159090909090906]
0.558669495466

RandomForestClassifier [0.57161125319693096, 0.48337595907928382, 0.62834224598930488, 0.57244318181818188, 0.53551136363636365]
0.558256800744

SVC [0.5, 0.4578005115089514, 0.5, 0.27272727272727271, 0.47159090909090906]
0.440423738665

THE BEST CLASSIFIER WAS
RandomForestClassifier
WITH AN AUC OF 
0.558256800744


            BASELINE -- PREPROCESSED
            ########
            ########
            
SGDClassifier [0.56010230179028131, 0.4578005115089514, 0.60962566844919786, 0.72727272727272729, 0.47159090909090906]
0.565278423622

GaussianNB [0.51150895140664965, 0.5421994884910486, 0.52941176470588225, 0.73863636363636354, 0.47159090909090906]
0.558669495466

RandomForestClassifier [0.56521739130434789, 0.44117647058823528, 0.60561497326203206, 0.58948863636363635, 0.52130681818181812]
0.54456085794

SVC [0.5, 0.48593350383631712, 0.38502673796791442, 0.72727272727272729, 0.52840909090909094]
0.525328411997

THE BEST CLASSIFIER WAS
SVC
WITH AN AUC OF 
0.525328411997




BEGINNING NEW RUN WITH FEATURE:
MSFT_sdpr


            BASELINE
            ########
            ########
            
SGDClassifier [0.58056265984654731, 0.51662404092071612, 0.54010695187165769, 0.75568181818181823, 0.44318181818181812]
0.567231457801

GaussianNB [0.55498721227621484, 0.53964194373401531, 0.4732620320855615, 0.81534090909090906, 0.44318181818181812]
0.565282783074

RandomForestClassifier [0.57672634271099732, 0.72122762148337594, 0.59625668449197866, 0.67329545454545447, 0.45738636363636365]
0.604978493374

SVC [0.5, 0.48337595907928388, 0.5, 0.24857954545454547, 0.44318181818181812]
0.435027464543

THE BEST CLASSIFIER WAS
SVC
WITH AN AUC OF 
0.435027464543


            BASELINE -- PREPROCESSED
            ########
            ########
            
SGDClassifier [0.58056265984654731, 0.51662404092071612, 0.54010695187165769, 0.24431818181818182, 0.44318181818181812]
0.464958730528

GaussianNB [0.55498721227621484, 0.53964194373401531, 0.4732620320855615, 0.81534090909090906, 0.44318181818181812]
0.565282783074

RandomForestClassifier [0.57416879795396425, 0.68286445012787722, 0.63502673796791442, 0.72159090909090906, 0.43607954545454541]
0.609946088119

SVC [0.42199488491048592, 0.51662404092071612, 0.46122994652406413, 0.24431818181818182, 0.55965909090909105]
0.440765229017

THE BEST CLASSIFIER WAS
SGDClassifier
WITH AN AUC OF 
0.464958730528




BEGINNING NEW RUN WITH FEATURE:
XOM_pol


            BASELINE
            ########
            ########
            
SGDClassifier [0.37723785166240409, 0.48849104859335035, 0.56417112299465244, 0.69034090909090906, 0.45028409090909088]
0.51410500465

GaussianNB [0.37723785166240409, 0.51150895140664954, 0.39304812834224601, 0.42045454545454541, 0.45028409090909088]
0.430506713555

RandomForestClassifier [0.47058823529411764, 0.42327365728900251, 0.54545454545454541, 0.48863636363636365, 0.31107954545454541]
0.447806469426

SVC [0.39258312020460362, 0.52173913043478271, 0.56417112299465244, 0.69034090909090906, 0.54971590909090906]
0.543710038363

THE BEST CLASSIFIER WAS
SGDClassifier
WITH AN AUC OF 
0.51410500465


            BASELINE -- PREPROCESSED
            ########
            ########
            
SGDClassifier [0.62276214833759591, 0.48849104859335035, 0.56417112299465244, 0.69034090909090906, 0.54971590909090906]
0.583096227621

GaussianNB [0.37723785166240409, 0.51150895140664954, 0.39304812834224601, 0.42045454545454541, 0.45028409090909088]
0.430506713555

RandomForestClassifier [0.5, 0.39258312020460356, 0.47192513368983957, 0.37784090909090906, 0.33948863636363635]
0.41636755987

SVC [0.62276214833759591, 0.51150895140664954, 0.56417112299465244, 0.69034090909090906, 0.54971590909090906]
0.587699808184

THE BEST CLASSIFIER WAS
GaussianNB
WITH AN AUC OF 
0.430506713555




BEGINNING NEW RUN WITH FEATURE:
XOM_subj


            BASELINE
            ########
            ########
            
SGDClassifier [0.67007672634271098, 0.60102301790281332, 0.52807486631016043, 0.51704545454545447, 0.52556818181818188]
0.568357649384

GaussianNB [0.68030690537084393, 0.51406649616368294, 0.52540106951871657, 0.51704545454545447, 0.52556818181818188]
0.552477621483

RandomForestClassifier [0.49360613810741694, 0.45396419437340152, 0.46791443850267384, 0.50994318181818177, 0.62784090909090906]
0.510653772379

SVC [0.67007672634271098, 0.60102301790281332, 0.52807486631016043, 0.51704545454545447, 0.47443181818181818]
0.558130376657

THE BEST CLASSIFIER WAS
RandomForestClassifier
WITH AN AUC OF 
0.510653772379


            BASELINE -- PREPROCESSED
            ########
            ########
            
SGDClassifier [0.32992327365728902, 0.60102301790281332, 0.52807486631016043, 0.51704545454545447, 0.52556818181818177]
0.500326958847

GaussianNB [0.68030690537084393, 0.51406649616368294, 0.52540106951871657, 0.51704545454545447, 0.52556818181818188]
0.552477621483

RandomForestClassifier [0.57033248081841437, 0.49104859335038364, 0.43048128342245984, 0.54545454545454541, 0.59375]
0.526213380609

SVC [0.32992327365728902, 0.40409207161125321, 0.47192513368983957, 0.51704545454545447, 0.51420454545454541]
0.447438095792

THE BEST CLASSIFIER WAS
SGDClassifier
WITH AN AUC OF 
0.500326958847




BEGINNING NEW RUN WITH FEATURE:
XOM_prpr


            BASELINE
            ########
            ########
            
SGDClassifier [0.72634271099744252, 0.60102301790281321, 0.4064171122994652, 0.38352272727272729, 0.54403409090909083]
0.532267931876

GaussianNB [0.42710997442455245, 0.60102301790281332, 0.50802139037433158, 0.66193181818181812, 0.56392045454545459]
0.552401331086

RandomForestClassifier [0.48081841432225064, 0.53964194373401542, 0.47994652406417104, 0.52414772727272729, 0.43892045454545453]
0.492695012788

SVC [0.72122762148337582, 0.39897698209718668, 0.5935828877005348, 0.38352272727272729, 0.45596590909090906]
0.510655225529

THE BEST CLASSIFIER WAS
RandomForestClassifier
WITH AN AUC OF 
0.492695012788


            BASELINE -- PREPROCESSED
            ########
            ########
            
SGDClassifier [0.72634271099744252, 0.59974424552429673, 0.5935828877005348, 0.38352272727272729, 0.54403409090909083]
0.569445332481

GaussianNB [0.42710997442455245, 0.60102301790281332, 0.50802139037433158, 0.66193181818181812, 0.56392045454545459]
0.552401331086

RandomForestClassifier [0.55498721227621484, 0.56265984654731449, 0.38903743315508021, 0.54545454545454541, 0.41477272727272724]
0.493382352941

SVC [0.27365728900255754, 0.41176470588235298, 0.5935828877005348, 0.5, 0.47301136363636365]
0.450403249244

THE BEST CLASSIFIER WAS
RandomForestClassifier
WITH AN AUC OF 
0.493382352941




BEGINNING NEW RUN WITH FEATURE:
XOM_nrpr


            BASELINE
            ########
            ########
            
SGDClassifier [0.55498721227621484, 0.58312020460358061, 0.54010695187165769, 0.57386363636363635, 0.48863636363636365]
0.54814287375

GaussianNB [0.55498721227621484, 0.58312020460358061, 0.54010695187165769, 0.51988636363636365, 0.48863636363636365]
0.537347419205

RandomForestClassifier [0.54475703324808178, 0.40409207161125321, 0.52005347593582885, 0.34801136363636365, 0.52982954545454541]
0.469348697977

SVC [0.43989769820971869, 0.41687979539641945, 0.4598930481283422, 0.42613636363636365, 0.51136363636363635]
0.450834108347

THE BEST CLASSIFIER WAS
RandomForestClassifier
WITH AN AUC OF 
0.469348697977


            BASELINE -- PREPROCESSED
            ########
            ########
            
SGDClassifier [0.55498721227621484, 0.58312020460358061, 0.4598930481283422, 0.57386363636363635, 0.51278409090909094]
0.536929638456

GaussianNB [0.55498721227621484, 0.58312020460358061, 0.54010695187165769, 0.51988636363636365, 0.48863636363636365]
0.537347419205

RandomForestClassifier [0.62531969309462909, 0.48465473145780047, 0.52406417112299464, 0.34090909090909088, 0.51846590909090906]
0.498682719135

SVC [0.44501278772378516, 0.58312020460358061, 0.4598930481283422, 0.57386363636363635, 0.48863636363636365]
0.510105208091

THE BEST CLASSIFIER WAS
RandomForestClassifier
WITH AN AUC OF 
0.498682719135




BEGINNING NEW RUN WITH FEATURE:
XOM_sdpr


            BASELINE
            ########
            ########
            
SGDClassifier [0.47826086956521735, 0.51406649616368283, 0.553475935828877, 0.58238636363636365, 0.45738636363636359]
0.517115205766

GaussianNB [0.47826086956521735, 0.51406649616368283, 0.5267379679144385, 0.64204545454545459, 0.45738636363636359]
0.523699430365

RandomForestClassifier [0.56265984654731449, 0.55370843989769825, 0.65374331550802145, 0.41051136363636365, 0.47869318181818182]
0.531863229482

SVC [0.5, 0.48593350383631712, 0.553475935828877, 0.41761363636363635, 0.45738636363636359]
0.482881887933

THE BEST CLASSIFIER WAS
SGDClassifier
WITH AN AUC OF 
0.517115205766


            BASELINE -- PREPROCESSED
            ########
            ########
            
SGDClassifier [0.52173913043478259, 0.51406649616368283, 0.553475935828877, 0.41761363636363635, 0.45738636363636359]
0.492856312485

GaussianNB [0.47826086956521735, 0.51406649616368283, 0.5267379679144385, 0.64204545454545459, 0.45738636363636359]
0.523699430365

RandomForestClassifier [0.54859335038363177, 0.50255754475703329, 0.53208556149732622, 0.43039772727272729, 0.48579545454545453]
0.499885927691

SVC [0.52173913043478259, 0.48593350383631712, 0.553475935828877, 0.41761363636363635, 0.45738636363636359]
0.48722971402

THE BEST CLASSIFIER WAS
RandomForestClassifier
WITH AN AUC OF 
0.499885927691




BEGINNING NEW RUN WITH FEATURE:
JNJ_pol


            BASELINE
            ########
            ########
            
SGDClassifier [0.50383631713554988, 0.47442455242966752, 0.4933155080213904, 0.78125, 0.38068181818181823]
0.526701639154

GaussianNB [0.49616368286445012, 0.47442455242966752, 0.4933155080213904, 0.27556818181818182, 0.38068181818181823]
0.424030748663

RandomForestClassifier [0.53069053708439895, 0.3861892583120205, 0.41176470588235292, 0.42755681818181818, 0.42045454545454547]
0.435331172983

SVC [0.49616368286445012, 0.52557544757033248, 0.50668449197860965, 0.21875, 0.38068181818181823]
0.425571088119

THE BEST CLASSIFIER WAS
SGDClassifier
WITH AN AUC OF 
0.526701639154


            BASELINE -- PREPROCESSED
            ########
            ########
            
SGDClassifier [0.50383631713554988, 0.52557544757033248, 0.49331550802139046, 0.78125, 0.38068181818181823]
0.536931818182

GaussianNB [0.49616368286445012, 0.47442455242966752, 0.4933155080213904, 0.27556818181818182, 0.38068181818181823]
0.424030748663

RandomForestClassifier [0.54347826086956519, 0.41560102301790286, 0.43716577540106949, 0.41193181818181818, 0.36931818181818182]
0.435499011858

SVC [0.50383631713554988, 0.47442455242966752, 0.50668449197860965, 0.21875, 0.58664772727272718]
0.458068617763

THE BEST CLASSIFIER WAS
SGDClassifier
WITH AN AUC OF 
0.536931818182




BEGINNING NEW RUN WITH FEATURE:
JNJ_subj


            BASELINE
            ########
            ########
            
SGDClassifier [0.57800511508951402, 0.48081841432225064, 0.42245989304812837, 0.51420454545454541, 0.36079545454545459]
0.471256684492

GaussianNB [0.51662404092071612, 0.48081841432225064, 0.41711229946524064, 0.51420454545454541, 0.44602272727272729]
0.474956405487

RandomForestClassifier [0.41943734015345269, 0.48849104859335041, 0.47058823529411759, 0.59801136363636354, 0.46164772727272735]
0.48763514299

SVC [0.57800511508951402, 0.48081841432225064, 0.42245989304812837, 0.48579545454545453, 0.63920454545454541]
0.521256684492

THE BEST CLASSIFIER WAS
RandomForestClassifier
WITH AN AUC OF 
0.48763514299


            BASELINE -- PREPROCESSED
            ########
            ########
            
SGDClassifier [0.42199488491048598, 0.48081841432225064, 0.57754010695187163, 0.48579545454545453, 0.36079545454545459]
0.465388863055

GaussianNB [0.51662404092071612, 0.48081841432225064, 0.41711229946524064, 0.51420454545454541, 0.44602272727272729]
0.474956405487

RandomForestClassifier [0.47058823529411764, 0.48593350383631717, 0.40909090909090906, 0.61221590909090906, 0.44886363636363635]
0.485338438735

SVC [0.57800511508951402, 0.5191815856777493, 0.57754010695187163, 0.51420454545454541, 0.63920454545454541]
0.565627179726

THE BEST CLASSIFIER WAS
RandomForestClassifier
WITH AN AUC OF 
0.485338438735




BEGINNING NEW RUN WITH FEATURE:
JNJ_prpr


            BASELINE
            ########
            ########
            
SGDClassifier [0.4987212276214833, 0.46035805626598469, 0.45187165775401072, 0.28125, 0.46732954545454547]
0.431906097419

GaussianNB [0.50127877237851659, 0.42455242966751916, 0.44117647058823528, 0.30397727272727271, 0.47017045454545459]
0.428231079981

RandomForestClassifier [0.46163682864450128, 0.50895140664961636, 0.50133689839572193, 0.546875, 0.51136363636363635]
0.506032754011

SVC [0.4987212276214833, 0.46035805626598469, 0.45187165775401072, 0.28267045454545453, 0.53267045454545459]
0.445258370146

THE BEST CLASSIFIER WAS
RandomForestClassifier
WITH AN AUC OF 
0.506032754011


            BASELINE -- PREPROCESSED
            ########
            ########
            
SGDClassifier [0.4987212276214833, 0.53964194373401542, 0.54812834224598939, 0.28125, 0.53267045454545459]
0.480082393629

GaussianNB [0.50127877237851659, 0.42455242966751916, 0.44117647058823528, 0.30397727272727271, 0.47017045454545459]
0.428231079981

RandomForestClassifier [0.45140664961636828, 0.52173913043478259, 0.57219251336898391, 0.54829545454545459, 0.45738636363636365]
0.51020402232

SVC [0.50127877237851659, 0.53964194373401542, 0.45187165775401072, 0.28125, 0.53267045454545459]
0.461342565682

THE BEST CLASSIFIER WAS
RandomForestClassifier
WITH AN AUC OF 
0.51020402232




BEGINNING NEW RUN WITH FEATURE:
JNJ_nrpr


            BASELINE
            ########
            ########
            
SGDClassifier [0.42966751918158569, 0.4680306905370844, 0.41443850267379678, 0.35511363636363635, 0.34659090909090912]
0.402768251569

GaussianNB [0.44245524296675187, 0.34015345268542202, 0.33689839572192515, 0.3551136363636363, 0.43465909090909094]
0.381855963729

RandomForestClassifier [0.58695652173913038, 0.51278772378516624, 0.54545454545454553, 0.29403409090909094, 0.59517045454545459]
0.506880667287

SVC [0.42966751918158569, 0.53196930946291554, 0.41443850267379678, 0.64488636363636365, 0.34659090909090912]
0.473510520809

THE BEST CLASSIFIER WAS
RandomForestClassifier
WITH AN AUC OF 
0.506880667287


            BASELINE -- PREPROCESSED
            ########
            ########
            
SGDClassifier [0.57033248081841426, 0.53196930946291554, 0.43048128342245989, 0.64488636363636365, 0.65340909090909094]
0.56621570565

GaussianNB [0.44245524296675187, 0.34015345268542202, 0.33689839572192515, 0.3551136363636363, 0.43465909090909094]
0.381855963729

RandomForestClassifier [0.57416879795396425, 0.44501278772378516, 0.55213903743315507, 0.328125, 0.47443181818181818]
0.474775488259

SVC [0.57033248081841426, 0.4680306905370844, 0.58556149732620322, 0.64346590909090906, 0.34659090909090912]
0.522796297373

THE BEST CLASSIFIER WAS
SVC
WITH AN AUC OF 
0.522796297373




BEGINNING NEW RUN WITH FEATURE:
JNJ_sdpr


            BASELINE
            ########
            ########
            
SGDClassifier [0.5191815856777493, 0.50639386189258306, 0.47593582887700525, 0.23863636363636365, 0.34375]
0.416779528017

GaussianNB [0.53964194373401542, 0.3631713554987212, 0.33689839572192515, 0.5, 0.34375]
0.416692338991

RandomForestClassifier [0.39386189258312027, 0.39130434782608692, 0.5762032085561497, 0.50426136363636365, 0.47017045454545453]
0.467160253429

SVC [0.48081841432225059, 0.5, 0.52406417112299464, 0.76136363636363635, 0.34375]
0.521999244362

THE BEST CLASSIFIER WAS
SVC
WITH AN AUC OF 
0.521999244362


            BASELINE -- PREPROCESSED
            ########
            ########
            
SGDClassifier [0.5191815856777493, 0.50639386189258306, 0.47994652406417104, 0.23863636363636365, 0.64772727272727271]
0.4783771216

GaussianNB [0.53964194373401542, 0.3631713554987212, 0.33689839572192515, 0.5, 0.34375]
0.416692338991

RandomForestClassifier [0.4373401534526854, 0.42071611253196928, 0.5802139037433155, 0.44744318181818182, 0.46732954545454547]
0.4706085794

SVC [0.48081841432225059, 0.50639386189258306, 0.52406417112299464, 0.4375, 0.65625]
0.521005289468

THE BEST CLASSIFIER WAS
SVC
WITH AN AUC OF 
0.521005289468




BEGINNING NEW RUN WITH FEATURE:
GE_pol


            BASELINE
            ########
            ########
            
SGDClassifier [0.44373401534526846, 0.42071611253196933, 0.52139037433155078, 0.46590909090909094, 0.56392045454545447]
0.483134009533

GaussianNB [0.46930946291560099, 0.3849104859335038, 0.5, 0.49431818181818177, 0.58664772727272729]
0.487037171588

RandomForestClassifier [0.36828644501278773, 0.55754475703324802, 0.37566844919786097, 0.42329545454545453, 0.51988636363636365]
0.448936293885

SVC [0.44373401534526846, 0.42071611253196933, 0.47860962566844922, 0.46590909090909094, 0.43607954545454541]
0.449009677982

THE BEST CLASSIFIER WAS
GaussianNB
WITH AN AUC OF 
0.487037171588


            BASELINE -- PREPROCESSED
            ########
            ########
            
SGDClassifier [0.55626598465473143, 0.57928388746803061, 0.52139037433155078, 0.53409090909090906, 0.43607954545454541]
0.5254221402

GaussianNB [0.46930946291560099, 0.3849104859335038, 0.5, 0.49431818181818177, 0.58664772727272729]
0.487037171588

RandomForestClassifier [0.42199488491048592, 0.42583120204603586, 0.35294117647058826, 0.41619318181818182, 0.54971590909090906]
0.433335270867

SVC [0.55626598465473143, 0.57928388746803061, 0.52139037433155078, 0.53409090909090906, 0.56392045454545447]
0.550990322018

THE BEST CLASSIFIER WAS
GaussianNB
WITH AN AUC OF 
0.487037171588




BEGINNING NEW RUN WITH FEATURE:
GE_subj


            BASELINE
            ########
            ########
            
SGDClassifier [0.52941176470588236, 0.53964194373401531, 0.40909090909090906, 0.52272727272727271, 0.60511363636363635]
0.521197105324

GaussianNB [0.45780051150895146, 0.48081841432225064, 0.48128342245989308, 0.59659090909090906, 0.36363636363636365]
0.476025924204

RandomForestClassifier [0.49616368286445012, 0.49104859335038364, 0.5173796791443851, 0.46164772727272729, 0.61789772727272729]
0.516827481981

SVC [0.52941176470588236, 0.53964194373401531, 0.40909090909090906, 0.5, 0.39488636363636365]
0.474606196233

THE BEST CLASSIFIER WAS
RandomForestClassifier
WITH AN AUC OF 
0.516827481981


            BASELINE -- PREPROCESSED
            ########
            ########
            
SGDClassifier [0.52941176470588236, 0.46035805626598469, 0.59090909090909083, 0.52272727272727271, 0.39488636363636365]
0.499658509649

GaussianNB [0.45780051150895146, 0.48081841432225064, 0.48128342245989308, 0.59659090909090906, 0.36363636363636365]
0.476025924204

RandomForestClassifier [0.40025575447570333, 0.54603580562659859, 0.52807486631016043, 0.51136363636363635, 0.59090909090909094]
0.515327830737

SVC [0.52941176470588236, 0.45268542199488493, 0.59090909090909083, 0.47727272727272729, 0.60511363636363635]
0.531078528249

THE BEST CLASSIFIER WAS
SGDClassifier
WITH AN AUC OF 
0.499658509649




BEGINNING NEW RUN WITH FEATURE:
GE_prpr


            BASELINE
            ########
            ########
            
SGDClassifier [0.46035805626598469, 0.39002557544757033, 0.51871657754010692, 0.48579545454545459, 0.52414772727272729]
0.475808678214

GaussianNB [0.51662404092071612, 0.41048593350383628, 0.59090909090909083, 0.375, 0.55539772727272729]
0.489683358521

RandomForestClassifier [0.65728900255754474, 0.53452685421994883, 0.45454545454545447, 0.43465909090909094, 0.48295454545454541]
0.512794989537

SVC [0.45012787723785164, 0.39002557544757033, 0.51871657754010692, 0.48579545454545459, 0.52414772727272729]
0.473762642409

THE BEST CLASSIFIER WAS
GaussianNB
WITH AN AUC OF 
0.489683358521


            BASELINE -- PREPROCESSED
            ########
            ########
            
SGDClassifier [0.53964194373401542, 0.39002557544757033, 0.48128342245989297, 0.51420454545454541, 0.47585227272727271]
0.480201551965

GaussianNB [0.51662404092071612, 0.41048593350383628, 0.59090909090909083, 0.375, 0.55539772727272729]
0.489683358521

RandomForestClassifier [0.66496163682864451, 0.50383631713554988, 0.44786096256684493, 0.41761363636363635, 0.42897727272727271]
0.492649965124

SVC [0.46547314578005117, 0.39002557544757033, 0.48128342245989297, 0.48579545454545459, 0.52414772727272729]
0.469345065101

THE BEST CLASSIFIER WAS
RandomForestClassifier
WITH AN AUC OF 
0.492649965124




BEGINNING NEW RUN WITH FEATURE:
GE_nrpr


            BASELINE
            ########
            ########
            
SGDClassifier [0.43989769820971864, 0.51406649616368283, 0.42112299465240643, 0.46875, 0.39772727272727271]
0.448312892351

GaussianNB [0.53964194373401531, 0.4680306905370844, 0.42112299465240643, 0.53693181818181812, 0.38636363636363635]
0.470418216694

RandomForestClassifier [0.62531969309462909, 0.41943734015345269, 0.57486631016042777, 0.65056818181818177, 0.65056818181818188]
0.584151941409

SVC [0.43989769820971864, 0.49104859335038364, 0.43449197860962563, 0.46875, 0.60227272727272729]
0.487292199488

THE BEST CLASSIFIER WAS
SVC
WITH AN AUC OF 
0.487292199488


            BASELINE -- PREPROCESSED
            ########
            ########
            
SGDClassifier [0.43989769820971864, 0.51023017902813295, 0.57887700534759357, 0.46875, 0.60227272727272729]
0.520005521972

GaussianNB [0.53964194373401531, 0.4680306905370844, 0.42112299465240643, 0.53693181818181812, 0.38636363636363635]
0.470418216694

RandomForestClassifier [0.54347826086956519, 0.46803069053708435, 0.56684491978609619, 0.5625, 0.64346590909090906]
0.556863956057

SVC [0.43989769820971864, 0.51662404092071612, 0.57887700534759357, 0.46875, 0.60227272727272729]
0.52128429435

THE BEST CLASSIFIER WAS
SGDClassifier
WITH AN AUC OF 
0.520005521972




BEGINNING NEW RUN WITH FEATURE:
GE_sdpr


            BASELINE
            ########
            ########
            
SGDClassifier [0.57800511508951402, 0.48593350383631717, 0.44919786096256686, 0.50568181818181823, 0.59375]
0.522513659614

GaussianNB [0.57033248081841437, 0.42199488491048598, 0.44919786096256686, 0.50568181818181823, 0.51420454545454541]
0.492282318066

RandomForestClassifier [0.59974424552429673, 0.60102301790281321, 0.52807486631016043, 0.32670454545454547, 0.46022727272727271]
0.503154789584

SVC [0.5, 0.56777493606138107, 0.45454545454545459, 0.52130681818181812, 0.5]
0.508725441758

THE BEST CLASSIFIER WAS
RandomForestClassifier
WITH AN AUC OF 
0.503154789584


            BASELINE -- PREPROCESSED
            ########
            ########
            
SGDClassifier [0.57800511508951402, 0.51406649616368283, 0.44919786096256686, 0.50568181818181823, 0.59375]
0.52814025808

GaussianNB [0.57033248081841437, 0.42199488491048598, 0.44919786096256686, 0.50568181818181823, 0.51420454545454541]
0.492282318066

RandomForestClassifier [0.43989769820971869, 0.5626598465473146, 0.54812834224598928, 0.33522727272727271, 0.44602272727272724]
0.466387177401

SVC [0.57800511508951402, 0.51406649616368283, 0.44919786096256675, 0.49431818181818182, 0.59090909090909094]
0.525299348989

THE BEST CLASSIFIER WAS
GaussianNB
WITH AN AUC OF 
0.492282318066




BEGINNING NEW RUN WITH FEATURE:
BRK.B_pol


            BASELINE
            ########
            ########
            
SGDClassifier [0.49488491048593353, 0.50127877237851659, 0.48663101604278075, 0.35653409090909088, 0.49573863636363635]
0.467013485236

GaussianNB [0.49744245524296682, 0.55498721227621473, 0.5401069518716578, 0.54971590909090917, 0.421875]
0.512825505696

RandomForestClassifier [0.5, 0.53324808184143224, 0.42780748663101603, 0.40482954545454547, 0.37357954545454547]
0.447892931876

SVC [0.49488491048593353, 0.50639386189258317, 0.48663101604278075, 0.64346590909090895, 0.53551136363636354]
0.53337741223

THE BEST CLASSIFIER WAS
GaussianNB
WITH AN AUC OF 
0.512825505696


            BASELINE -- PREPROCESSED
            ########
            ########
            
SGDClassifier [0.50511508951406647, 0.50127877237851659, 0.5133689839572193, 0.64346590909090895, 0.50426136363636365]
0.533498023715

GaussianNB [0.49744245524296682, 0.55498721227621473, 0.5401069518716578, 0.54971590909090917, 0.421875]
0.512825505696

RandomForestClassifier [0.5421994884910486, 0.52429667519181589, 0.44251336898395721, 0.34801136363636365, 0.37357954545454541]
0.446120088352

SVC [0.49488491048593353, 0.50127877237851659, 0.48663101604278075, 0.64488636363636365, 0.50426136363636365]
0.526388485236

THE BEST CLASSIFIER WAS
GaussianNB
WITH AN AUC OF 
0.512825505696




BEGINNING NEW RUN WITH FEATURE:
BRK.B_subj


            BASELINE
            ########
            ########
            
SGDClassifier [0.42199488491048598, 0.58823529411764708, 0.54812834224598939, 0.640625, 0.48863636363636365]
0.537523976982

GaussianNB [0.4475703324808184, 0.61125319693094626, 0.55882352941176472, 0.421875, 0.4375]
0.495404411765

RandomForestClassifier [0.49232736572890023, 0.50511508951406647, 0.65240641711229941, 0.50284090909090917, 0.41903409090909094]
0.514344774471

SVC [0.42199488491048598, 0.41176470588235298, 0.45187165775401072, 0.359375, 0.51136363636363635]
0.431273976982

THE BEST CLASSIFIER WAS
GaussianNB
WITH AN AUC OF 
0.495404411765


            BASELINE -- PREPROCESSED
            ########
            ########
            
SGDClassifier [0.57672634271099743, 0.58823529411764708, 0.45187165775401072, 0.640625, 0.48863636363636365]
0.549218931644

GaussianNB [0.4475703324808184, 0.61125319693094626, 0.55882352941176472, 0.421875, 0.4375]
0.495404411765

RandomForestClassifier [0.50767263427109977, 0.56521739130434778, 0.70855614973262027, 0.44176136363636359, 0.44602272727272729]
0.533846053243

SVC [0.5, 0.41176470588235298, 0.45187165775401072, 0.640625, 0.52414772727272729]
0.505681818182

THE BEST CLASSIFIER WAS
GaussianNB
WITH AN AUC OF 
0.495404411765




BEGINNING NEW RUN WITH FEATURE:
BRK.B_prpr


            BASELINE
            ########
            ########
            
SGDClassifier [0.43222506393861893, 0.46035805626598469, 0.49732620320855614, 0.53835227272727271, 0.46022727272727271]
0.477697773774

GaussianNB [0.58056265984654731, 0.35549872122762149, 0.47593582887700531, 0.53977272727272718, 0.45170454545454541]
0.480694896536

RandomForestClassifier [0.44245524296675187, 0.73785166240409206, 0.66443850267379678, 0.46590909090909094, 0.41335227272727265]
0.544801354336

SVC [0.56777493606138107, 0.53964194373401531, 0.50267379679144386, 0.46022727272727276, 0.46022727272727271]
0.506109044408

THE BEST CLASSIFIER WAS
SVC
WITH AN AUC OF 
0.506109044408


            BASELINE -- PREPROCESSED
            ########
            ########
            
SGDClassifier [0.43222506393861893, 0.53964194373401531, 0.49732620320855614, 0.46022727272727276, 0.45738636363636365]
0.477361369449

GaussianNB [0.58056265984654731, 0.35549872122762149, 0.47593582887700531, 0.53977272727272718, 0.45170454545454541]
0.480694896536

RandomForestClassifier [0.47698209718670076, 0.70332480818414322, 0.61363636363636354, 0.47727272727272735, 0.42471590909090912]
0.539186381074

SVC [0.56777493606138107, 0.53964194373401531, 0.50267379679144386, 0.53977272727272718, 0.53977272727272729]
0.537927226226

THE BEST CLASSIFIER WAS
GaussianNB
WITH AN AUC OF 
0.480694896536




BEGINNING NEW RUN WITH FEATURE:
BRK.B_nrpr


            BASELINE
            ########
            ########
            
SGDClassifier [0.45524296675191817, 0.60102301790281332, 0.56417112299465244, 0.64772727272727271, 0.52272727272727271]
0.558178330621

GaussianNB [0.45780051150895146, 0.61125319693094626, 0.56417112299465244, 0.42045454545454541, 0.52840909090909083]
0.51641769356

RandomForestClassifier [0.44373401534526852, 0.39258312020460356, 0.33155080213903743, 0.24857954545454544, 0.65198863636363646]
0.413687223901

SVC [0.45524296675191817, 0.60102301790281332, 0.47058823529411764, 0.35227272727272724, 0.47727272727272729]
0.471279934899

THE BEST CLASSIFIER WAS
GaussianNB
WITH AN AUC OF 
0.51641769356


            BASELINE -- PREPROCESSED
            ########
            ########
            
SGDClassifier [0.45524296675191817, 0.60102301790281332, 0.43582887700534756, 0.64772727272727271, 0.52414772727272718]
0.532793972332

GaussianNB [0.45780051150895146, 0.61125319693094626, 0.56417112299465244, 0.42045454545454541, 0.52840909090909083]
0.51641769356

RandomForestClassifier [0.41048593350383633, 0.47186700767263423, 0.39438502673796794, 0.453125, 0.58664772727272729]
0.463302139037

SVC [0.52173913043478259, 0.40025575447570333, 0.56417112299465244, 0.64772727272727271, 0.5]
0.526778656126

THE BEST CLASSIFIER WAS
GaussianNB
WITH AN AUC OF 
0.51641769356




BEGINNING NEW RUN WITH FEATURE:
BRK.B_sdpr


            BASELINE
            ########
            ########
            
SGDClassifier [0.4705882352941177, 0.59846547314578014, 0.52406417112299464, 0.63920454545454541, 0.51278409090909083]
0.549021303185

GaussianNB [0.4705882352941177, 0.59846547314578014, 0.52406417112299464, 0.58238636363636365, 0.52982954545454541]
0.541066757731

RandomForestClassifier [0.48337595907928388, 0.43222506393861893, 0.31149732620320858, 0.40056818181818182, 0.41761363636363635]
0.409056033481

SVC [0.4705882352941177, 0.59846547314578014, 0.47593582887700542, 0.5, 0.51278409090909083]
0.511554725645

THE BEST CLASSIFIER WAS
SVC
WITH AN AUC OF 
0.511554725645


            BASELINE -- PREPROCESSED
            ########
            ########
            
SGDClassifier [0.52941176470588225, 0.59846547314578014, 0.47593582887700542, 0.63920454545454541, 0.51278409090909083]
0.551160340618

GaussianNB [0.4705882352941177, 0.59846547314578014, 0.52406417112299464, 0.58238636363636365, 0.52982954545454541]
0.541066757731

RandomForestClassifier [0.51023017902813295, 0.39002557544757033, 0.35427807486631013, 0.43892045454545453, 0.43892045454545459]
0.426474947687

SVC [0.47826086956521741, 0.40153452685421998, 0.52406417112299464, 0.63920454545454541, 0.48721590909090906]
0.506056004418

THE BEST CLASSIFIER WAS
SVC
WITH AN AUC OF 
0.506056004418




BEGINNING NEW RUN WITH FEATURE:
AMZN_pol


            BASELINE
            ########
            ########
            
SGDClassifier [0.52173913043478259, 0.42327365728900257, 0.57754010695187163, 0.45738636363636359, 0.54829545454545459]
0.505646942571

GaussianNB [0.52173913043478259, 0.58695652173913049, 0.36898395721925131, 0.39772727272727271, 0.46590909090909088]
0.468263194606

RandomForestClassifier [0.61636828644501274, 0.52557544757033248, 0.55080213903743325, 0.62784090909090906, 0.55823863636363635]
0.575765083701

SVC [0.47314578005115088, 0.57672634271099743, 0.57754010695187163, 0.54261363636363646, 0.45170454545454541]
0.524346082306

THE BEST CLASSIFIER WAS
SGDClassifier
WITH AN AUC OF 
0.505646942571


            BASELINE -- PREPROCESSED
            ########
            ########
            
SGDClassifier [0.47826086956521741, 0.57672634271099743, 0.42245989304812837, 0.45738636363636359, 0.45170454545454541]
0.477307602883

GaussianNB [0.52173913043478259, 0.58695652173913049, 0.36898395721925131, 0.39772727272727271, 0.46590909090909088]
0.468263194606

RandomForestClassifier [0.65217391304347827, 0.56905370843989755, 0.49598930481283421, 0.66193181818181812, 0.51704545454545459]
0.579238839805

SVC [0.47826086956521741, 0.42327365728900257, 0.42780748663101609, 0.45738636363636359, 0.55113636363636365]
0.467572948152

THE BEST CLASSIFIER WAS
SGDClassifier
WITH AN AUC OF 
0.477307602883




BEGINNING NEW RUN WITH FEATURE:
AMZN_subj


            BASELINE
            ########
            ########
            
SGDClassifier [0.42966751918158563, 0.6061381074168799, 0.53208556149732622, 0.72159090909090906, 0.51704545454545459]
0.561305510346

GaussianNB [0.43222506393861893, 0.59590792838874684, 0.62834224598930488, 0.52840909090909083, 0.50852272727272729]
0.5386814113

RandomForestClassifier [0.48976982097186694, 0.41560102301790286, 0.58957219251336901, 0.59375, 0.51704545454545459]
0.52114769821

SVC [0.5, 0.6061381074168799, 0.53208556149732622, 0.72159090909090906, 0.48295454545454553]
0.568553824692

THE BEST CLASSIFIER WAS
RandomForestClassifier
WITH AN AUC OF 
0.52114769821


            BASELINE -- PREPROCESSED
            ########
            ########
            
SGDClassifier [0.42966751918158563, 0.6061381074168799, 0.53208556149732622, 0.72159090909090906, 0.48579545454545459]
0.555055510346

GaussianNB [0.43222506393861893, 0.59590792838874684, 0.62834224598930488, 0.52840909090909083, 0.50852272727272729]
0.5386814113

RandomForestClassifier [0.50127877237851659, 0.479539641943734, 0.553475935828877, 0.57528409090909083, 0.48721590909090906]
0.51935887003

SVC [0.42199488491048598, 0.6061381074168799, 0.53609625668449201, 0.72159090909090906, 0.51704545454545459]
0.56057312253

THE BEST CLASSIFIER WAS
RandomForestClassifier
WITH AN AUC OF 
0.51935887003




BEGINNING NEW RUN WITH FEATURE:
AMZN_prpr


            BASELINE
            ########
            ########
            
SGDClassifier [0.46930946291560105, 0.49616368286445017, 0.42245989304812837, 0.31392045454545453, 0.52840909090909083]
0.446052516857

GaussianNB [0.64322250639386191, 0.40920716112531974, 0.5, 0.30823863636363635, 0.45170454545454547]
0.462474569867

RandomForestClassifier [0.36828644501278773, 0.41304347826086951, 0.46524064171122992, 0.34232954545454541, 0.3125]
0.380280022088

SVC [0.53069053708439895, 0.50383631713554988, 0.42245989304812837, 0.31534090909090906, 0.46590909090909094]
0.447647349454

THE BEST CLASSIFIER WAS
GaussianNB
WITH AN AUC OF 
0.462474569867


            BASELINE -- PREPROCESSED
            ########
            ########
            
SGDClassifier [0.53069053708439895, 0.50383631713554988, 0.42245989304812837, 0.31392045454545453, 0.47159090909090906]
0.448499622181

GaussianNB [0.64322250639386191, 0.40920716112531974, 0.5, 0.30823863636363635, 0.45170454545454547]
0.462474569867

RandomForestClassifier [0.35549872122762149, 0.38491048593350385, 0.44518716577540107, 0.37784090909090906, 0.34801136363636365]
0.382289729133

SVC [0.53580562659846542, 0.49616368286445017, 0.41443850267379678, 0.31392045454545453, 0.52840909090909083]
0.457747471518

THE BEST CLASSIFIER WAS
GaussianNB
WITH AN AUC OF 
0.462474569867




BEGINNING NEW RUN WITH FEATURE:
AMZN_nrpr


            BASELINE
            ########
            ########
            
SGDClassifier [0.4578005115089514, 0.63682864450127874, 0.56417112299465244, 0.62784090909090906, 0.52556818181818188]
0.562441873983

GaussianNB [0.46035805626598458, 0.63682864450127874, 0.58556149732620333, 0.52556818181818177, 0.52556818181818188]
0.546776912346

RandomForestClassifier [0.5421994884910486, 0.49488491048593353, 0.57887700534759357, 0.46590909090909094, 0.57670454545454541]
0.531715008138

SVC [0.4578005115089514, 0.63682864450127874, 0.43449197860962563, 0.37215909090909094, 0.47443181818181818]
0.475142408742

THE BEST CLASSIFIER WAS
SVC
WITH AN AUC OF 
0.475142408742


            BASELINE -- PREPROCESSED
            ########
            ########
            
SGDClassifier [0.4578005115089514, 0.3631713554987212, 0.56417112299465244, 0.62784090909090906, 0.52414772727272729]
0.507426325273

GaussianNB [0.46035805626598458, 0.63682864450127874, 0.58556149732620333, 0.52556818181818177, 0.52556818181818188]
0.546776912346

RandomForestClassifier [0.45652173913043481, 0.46035805626598469, 0.63903743315508021, 0.50142045454545447, 0.51704545454545459]
0.514876627528

SVC [0.5421994884910486, 0.63682864450127874, 0.43582887700534756, 0.62784090909090895, 0.52556818181818188]
0.553653220181

THE BEST CLASSIFIER WAS
SGDClassifier
WITH AN AUC OF 
0.507426325273




BEGINNING NEW RUN WITH FEATURE:
AMZN_sdpr


            BASELINE
            ########
            ########
            
SGDClassifier [0.47314578005115082, 0.64450127877237851, 0.59491978609625673, 0.47869318181818177, 0.5]
0.538252005348

GaussianNB [0.47314578005115082, 0.64450127877237851, 0.53877005347593587, 0.484375, 0.50568181818181812]
0.529294786096

RandomForestClassifier [0.51406649616368283, 0.61508951406649615, 0.52807486631016043, 0.49431818181818182, 0.51278409090909094]
0.532866629854

SVC [0.52685421994884907, 0.35549872122762149, 0.40508021390374332, 0.52130681818181812, 0.5]
0.461747994652

THE BEST CLASSIFIER WAS
GaussianNB
WITH AN AUC OF 
0.529294786096


            BASELINE -- PREPROCESSED
            ########
            ########
            
SGDClassifier [0.52685421994884907, 0.35421994884910485, 0.40508021390374332, 0.47869318181818182, 0.50284090909090906]
0.453537694722

GaussianNB [0.47314578005115082, 0.64450127877237851, 0.53877005347593587, 0.484375, 0.50568181818181812]
0.529294786096

RandomForestClassifier [0.52685421994884918, 0.61381074168797944, 0.62299465240641716, 0.51704545454545459, 0.47727272727272729]
0.551595559172

SVC [0.47314578005115082, 0.39897698209718668, 0.40508021390374332, 0.52130681818181812, 0.5]
0.459701958847

THE BEST CLASSIFIER WAS
GaussianNB
WITH AN AUC OF 
0.529294786096




BEGINNING NEW RUN WITH FEATURE:
WFC_pol


            BASELINE
            ########
            ########
            
SGDClassifier [0.51662404092071612, 0.48337595907928388, 0.43449197860962574, 0.4957386363636363, 0.453125]
0.476671122995

GaussianNB [0.47570332480818411, 0.41943734015345269, 0.43449197860962574, 0.50710227272727271, 0.38210227272727271]
0.443767437805

RandomForestClassifier [0.5230179028132993, 0.52173913043478259, 0.54545454545454541, 0.55539772727272729, 0.50142045454545459]
0.529405952104

SVC [0.48337595907928393, 0.48337595907928388, 0.56283422459893051, 0.50426136363636365, 0.453125]
0.497394501279

THE BEST CLASSIFIER WAS
SVC
WITH AN AUC OF 
0.497394501279


            BASELINE -- PREPROCESSED
            ########
            ########
            
SGDClassifier [0.48337595907928393, 0.48337595907928388, 0.43449197860962574, 0.4957386363636363, 0.453125]
0.470021506626

GaussianNB [0.47570332480818411, 0.41943734015345269, 0.43449197860962574, 0.50710227272727271, 0.38210227272727271]
0.443767437805

RandomForestClassifier [0.51278772378516624, 0.47314578005115093, 0.46791443850267378, 0.55397727272727271, 0.45170454545454547]
0.491905952104

SVC [0.51662404092071612, 0.48337595907928388, 0.57219251336898391, 0.50426136363636365, 0.546875]
0.524665775401

THE BEST CLASSIFIER WAS
RandomForestClassifier
WITH AN AUC OF 
0.491905952104




BEGINNING NEW RUN WITH FEATURE:
WFC_subj


            BASELINE
            ########
            ########
            
SGDClassifier [0.40920716112531974, 0.54731457800511507, 0.53743315508021394, 0.64488636363636365, 0.54261363636363635]
0.536290978842

GaussianNB [0.40920716112531974, 0.54731457800511507, 0.53743315508021394, 0.57102272727272729, 0.54261363636363635]
0.521518251569

RandomForestClassifier [0.41176470588235292, 0.55498721227621484, 0.41577540106951871, 0.40056818181818182, 0.49147727272727271]
0.454914554755

SVC [0.40920716112531974, 0.54731457800511507, 0.46256684491978617, 0.47727272727272729, 0.54261363636363635]
0.487794989537

THE BEST CLASSIFIER WAS
SVC
WITH AN AUC OF 
0.487794989537


            BASELINE -- PREPROCESSED
            ########
            ########
            
SGDClassifier [0.40792838874680315, 0.54731457800511507, 0.53743315508021394, 0.35795454545454541, 0.45738636363636365]
0.461603406185

GaussianNB [0.40920716112531974, 0.54731457800511507, 0.53743315508021394, 0.57102272727272729, 0.54261363636363635]
0.521518251569

RandomForestClassifier [0.43222506393861893, 0.45780051150895135, 0.48663101604278075, 0.44034090909090912, 0.49715909090909094]
0.462831318298

SVC [0.40920716112531974, 0.54475703324808189, 0.46256684491978617, 0.64488636363636365, 0.54261363636363635]
0.520806207859

THE BEST CLASSIFIER WAS
SVC
WITH AN AUC OF 
0.520806207859




BEGINNING NEW RUN WITH FEATURE:
WFC_prpr


            BASELINE
            ########
            ########
            
SGDClassifier [0.43989769820971864, 0.43861892583120199, 0.6122994652406416, 0.44176136363636365, 0.41477272727272724]
0.469470036038

GaussianNB [0.47570332480818417, 0.65089514066496168, 0.59090909090909094, 0.59801136363636365, 0.58238636363636365]
0.579581056731

RandomForestClassifier [0.43350383631713557, 0.54347826086956519, 0.54411764705882348, 0.63352272727272729, 0.66051136363636376]
0.563026767031

SVC [0.43989769820971864, 0.56138107416879801, 0.38770053475935828, 0.44176136363636365, 0.58380681818181812]
0.482909497791

THE BEST CLASSIFIER WAS
SVC
WITH AN AUC OF 
0.482909497791


            BASELINE -- PREPROCESSED
            ########
            ########
            
SGDClassifier [0.43989769820971864, 0.43861892583120199, 0.38770053475935828, 0.55823863636363635, 0.41477272727272724]
0.447845704487

GaussianNB [0.47570332480818417, 0.65089514066496168, 0.59090909090909094, 0.59801136363636365, 0.58238636363636365]
0.579581056731

RandomForestClassifier [0.44373401534526857, 0.56777493606138107, 0.60828877005347592, 0.68892045454545459, 0.68607954545454541]
0.598959544292

SVC [0.56010230179028131, 0.43861892583120199, 0.38770053475935828, 0.44176136363636365, 0.58522727272727271]
0.482682079749

THE BEST CLASSIFIER WAS
SVC
WITH AN AUC OF 
0.482682079749




BEGINNING NEW RUN WITH FEATURE:
WFC_nrpr


            BASELINE
            ########
            ########
            
SGDClassifier [0.40153452685421998, 0.54987212276214836, 0.54278074866310155, 0.61647727272727271, 0.546875]
0.531507934201

GaussianNB [0.37084398976982097, 0.58823529411764708, 0.5, 0.49147727272727271, 0.62642045454545459]
0.515395402232

RandomForestClassifier [0.42583120204603575, 0.60997442455242967, 0.59224598930481287, 0.52556818181818177, 0.48295454545454547]
0.527314868635

SVC [0.40153452685421998, 0.45012787723785164, 0.45721925133689839, 0.61647727272727271, 0.546875]
0.494446785631

THE BEST CLASSIFIER WAS
SVC
WITH AN AUC OF 
0.494446785631


            BASELINE -- PREPROCESSED
            ########
            ########
            
SGDClassifier [0.40153452685421998, 0.45012787723785164, 0.54679144385026734, 0.61647727272727271, 0.453125]
0.493611224134

GaussianNB [0.37084398976982097, 0.58823529411764708, 0.5, 0.49147727272727271, 0.62642045454545459]
0.515395402232

RandomForestClassifier [0.49616368286445006, 0.58695652173913038, 0.54010695187165769, 0.50852272727272729, 0.41903409090909094]
0.510156794931

SVC [0.5, 0.45140664961636828, 0.45721925133689845, 0.38352272727272729, 0.54403409090909094]
0.467236543827

THE BEST CLASSIFIER WAS
SGDClassifier
WITH AN AUC OF 
0.493611224134




BEGINNING NEW RUN WITH FEATURE:
WFC_sdpr


            BASELINE
            ########
            ########
            
SGDClassifier [0.42710997442455245, 0.54475703324808178, 0.51069518716577533, 0.58806818181818177, 0.58238636363636365]
0.530603348059

GaussianNB [0.41943734015345269, 0.59335038363171355, 0.42780748663101603, 0.58806818181818177, 0.64204545454545459]
0.534141769356

RandomForestClassifier [0.3427109974424552, 0.65856777493606133, 0.5668449197860963, 0.42897727272727271, 0.59801136363636365]
0.519022465706

SVC [0.5, 0.45524296675191817, 0.48930481283422456, 0.41193181818181818, 0.41761363636363635]
0.454818646826

THE BEST CLASSIFIER WAS
RandomForestClassifier
WITH AN AUC OF 
0.519022465706


            BASELINE -- PREPROCESSED
            ########
            ########
            
SGDClassifier [0.42710997442455245, 0.54475703324808178, 0.48930481283422456, 0.58522727272727271, 0.41761363636363635]
0.49280254592

GaussianNB [0.41943734015345269, 0.59335038363171355, 0.42780748663101603, 0.58806818181818177, 0.64204545454545459]
0.534141769356

RandomForestClassifier [0.31202046035805625, 0.63299232736572886, 0.56149732620320847, 0.56676136363636365, 0.625]
0.539654295513

SVC [0.5, 0.54475703324808178, 0.49465240641711228, 0.41193181818181818, 0.58238636363636365]
0.506745524297

THE BEST CLASSIFIER WAS
SVC
WITH AN AUC OF 
0.506745524297




BEGINNING NEW RUN WITH FEATURE:
JPM_pol


            BASELINE
            ########
            ########
            
SGDClassifier [0.49360613810741688, 0.55626598465473154, 0.39304812834224601, 0.54971590909090917, 0.44318181818181823]
0.487163595675

GaussianNB [0.49360613810741688, 0.53069053708439906, 0.57486631016042777, 0.52130681818181823, 0.44318181818181823]
0.512730324343

RandomForestClassifier [0.3337595907928389, 0.48849104859335046, 0.32219251336898391, 0.40198863636363635, 0.48011363636363635]
0.405309085096

SVC [0.49360613810741688, 0.44373401534526852, 0.39304812834224601, 0.54971590909090917, 0.44460227272727276]
0.464941292723

THE BEST CLASSIFIER WAS
GaussianNB
WITH AN AUC OF 
0.512730324343


            BASELINE -- PREPROCESSED
            ########
            ########
            
SGDClassifier [0.49360613810741688, 0.44373401534526852, 0.60695187165775399, 0.54971590909090917, 0.44886363636363641]
0.508574314113

GaussianNB [0.49360613810741688, 0.53069053708439906, 0.57486631016042777, 0.52130681818181823, 0.44318181818181823]
0.512730324343

RandomForestClassifier [0.3324808184143222, 0.4680306905370844, 0.27005347593582885, 0.49857954545454541, 0.38920454545454541]
0.391669815159

SVC [0.50639386189258317, 0.55626598465473154, 0.39304812834224601, 0.44602272727272724, 0.44460227272727276]
0.469266594978

THE BEST CLASSIFIER WAS
SGDClassifier
WITH AN AUC OF 
0.508574314113




BEGINNING NEW RUN WITH FEATURE:
JPM_subj


            BASELINE
            ########
            ########
            
SGDClassifier [0.38618925831202044, 0.60102301790281332, 0.52941176470588236, 0.64488636363636365, 0.55397727272727271]
0.543097535457

GaussianNB [0.38618925831202044, 0.60102301790281332, 0.55080213903743314, 0.64488636363636365, 0.55397727272727271]
0.547375610323

RandomForestClassifier [0.51662404092071612, 0.41304347826086957, 0.48128342245989303, 0.47443181818181823, 0.46590909090909094]
0.470258370146

SVC [0.61381074168797956, 0.39897698209718674, 0.47058823529411764, 0.64488636363636365, 0.55397727272727271]
0.536447919089

THE BEST CLASSIFIER WAS
RandomForestClassifier
WITH AN AUC OF 
0.470258370146


            BASELINE -- PREPROCESSED
            ########
            ########
            
SGDClassifier [0.38618925831202044, 0.39897698209718674, 0.52941176470588236, 0.64488636363636365, 0.55397727272727271]
0.502688328296

GaussianNB [0.38618925831202044, 0.60102301790281332, 0.55080213903743314, 0.64488636363636365, 0.55397727272727271]
0.547375610323

RandomForestClassifier [0.61125319693094626, 0.41432225063938621, 0.53609625668449201, 0.49857954545454547, 0.50142045454545447]
0.512334340851

SVC [0.53580562659846542, 0.39897698209718674, 0.52941176470588236, 0.64488636363636365, 0.44602272727272724]
0.511020692862

THE BEST CLASSIFIER WAS
SGDClassifier
WITH AN AUC OF 
0.502688328296




BEGINNING NEW RUN WITH FEATURE:
JPM_prpr


            BASELINE
            ########
            ########
            
SGDClassifier [0.46547314578005111, 0.36317135549872126, 0.56550802139037437, 0.45454545454545453, 0.41761363636363635]
0.453262322716

GaussianNB [0.58567774936061379, 0.58823529411764708, 0.71524064171123003, 0.59090909090909094, 0.52556818181818177]
0.601126191583

RandomForestClassifier [0.38363171355498721, 0.37340153452685426, 0.53877005347593576, 0.48721590909090906, 0.359375]
0.42847884213

SVC [0.53452685421994883, 0.36317135549872126, 0.43449197860962574, 0.54545454545454541, 0.58238636363636365]
0.492006219484

THE BEST CLASSIFIER WAS
SVC
WITH AN AUC OF 
0.492006219484


            BASELINE -- PREPROCESSED
            ########
            ########
            
SGDClassifier [0.53452685421994883, 0.63682864450127885, 0.56550802139037437, 0.43181818181818177, 0.58238636363636365]
0.550213613113

GaussianNB [0.58567774936061379, 0.58823529411764708, 0.71524064171123003, 0.59090909090909094, 0.52556818181818177]
0.601126191583

RandomForestClassifier [0.37212276214833762, 0.38363171355498715, 0.45053475935828879, 0.47585227272727276, 0.33806818181818182]
0.404041937921

SVC [0.46547314578005111, 0.36317135549872126, 0.56550802139037437, 0.54545454545454541, 0.58238636363636365]
0.504398686352

THE BEST CLASSIFIER WAS
SVC
WITH AN AUC OF 
0.504398686352




BEGINNING NEW RUN WITH FEATURE:
JPM_nrpr


            BASELINE
            ########
            ########
            
SGDClassifier [0.3964194373401535, 0.59079283887468026, 0.49465240641711228, 0.63352272727272729, 0.59090909090909094]
0.541259300163

GaussianNB [0.38618925831202044, 0.69053708439897699, 0.6390374331550801, 0.61647727272727271, 0.62215909090909094]
0.5908800279

RandomForestClassifier [0.63810741687979533, 0.45907928388746805, 0.39438502673796788, 0.43323863636363641, 0.52698863636363635]
0.490359800047

SVC [0.3964194373401535, 0.59079283887468026, 0.50534759358288772, 0.36647727272727276, 0.40340909090909088]
0.452489246687

THE BEST CLASSIFIER WAS
RandomForestClassifier
WITH AN AUC OF 
0.490359800047


            BASELINE -- PREPROCESSED
            ########
            ########
            
SGDClassifier [0.60358056265984661, 0.60613810741687979, 0.50534759358288772, 0.63352272727272729, 0.58380681818181812]
0.586479161823

GaussianNB [0.38618925831202044, 0.69053708439897699, 0.6390374331550801, 0.61647727272727271, 0.62215909090909094]
0.5908800279

RandomForestClassifier [0.53708439897698212, 0.38363171355498721, 0.33155080213903743, 0.34801136363636365, 0.53551136363636365]
0.427157928389

SVC [0.5, 0.40920716112531969, 0.50534759358288772, 0.63352272727272729, 0.43039772727272724]
0.495695041851

THE BEST CLASSIFIER WAS
SVC
WITH AN AUC OF 
0.495695041851




BEGINNING NEW RUN WITH FEATURE:
JPM_sdpr


            BASELINE
            ########
            ########
            
SGDClassifier [0.41432225063938621, 0.54987212276214836, 0.4826203208556149, 0.59659090909090906, 0.57670454545454541]
0.524022029761

GaussianNB [0.36828644501278773, 0.63171355498721227, 0.59224598930481287, 0.61079545454545459, 0.63352272727272729]
0.567312834225

RandomForestClassifier [0.53836317135549883, 0.42071611253196928, 0.55347593582887711, 0.47727272727272729, 0.56676136363636365]
0.511317862125

SVC [0.58567774936061379, 0.54987212276214836, 0.4826203208556149, 0.40340909090909088, 0.42329545454545459]
0.488974947687

THE BEST CLASSIFIER WAS
SVC
WITH AN AUC OF 
0.488974947687


            BASELINE -- PREPROCESSED
            ########
            ########
            
SGDClassifier [0.4156010230179028, 0.45012787723785164, 0.51737967914438499, 0.40340909090909088, 0.42329545454545459]
0.441962624971

GaussianNB [0.36828644501278773, 0.63171355498721227, 0.59224598930481287, 0.61079545454545459, 0.63352272727272729]
0.567312834225

RandomForestClassifier [0.45012787723785164, 0.47442455242966752, 0.49732620320855614, 0.45028409090909094, 0.57102272727272729]
0.488637090212

SVC [0.41432225063938621, 0.54987212276214836, 0.53743315508021383, 0.40340909090909088, 0.57670454545454541]
0.496348232969

THE BEST CLASSIFIER WAS
SVC
WITH AN AUC OF 
0.496348232969




BEGINNING NEW RUN WITH FEATURE:
T_pol


            BASELINE
            ########
            ########
            
SGDClassifier [0.42583120204603581, 0.63043478260869568, 0.59090909090909083, 0.54261363636363635, 0.47301136363636365]
0.532560015113

GaussianNB [0.44629156010230181, 0.50511508951406647, 0.41711229946524064, 0.45738636363636365, 0.58380681818181823]
0.48194242618

RandomForestClassifier [0.27237851662404089, 0.51406649616368283, 0.36631016042780745, 0.62215909090909083, 0.47301136363636365]
0.449585125552

SVC [0.57416879795396425, 0.63043478260869568, 0.59090909090909083, 0.45170454545454547, 0.52698863636363635]
0.554841170658

THE BEST CLASSIFIER WAS
GaussianNB
WITH AN AUC OF 
0.48194242618


            BASELINE -- PREPROCESSED
            ########
            ########
            
SGDClassifier [0.42583120204603581, 0.63043478260869568, 0.59090909090909083, 0.54403409090909094, 0.52698863636363635]
0.543639560567

GaussianNB [0.44629156010230181, 0.50511508951406647, 0.41711229946524064, 0.45738636363636365, 0.58380681818181823]
0.48194242618

RandomForestClassifier [0.3132992327365729, 0.51918158567774941, 0.44385026737967914, 0.58664772727272729, 0.51420454545454541]
0.475436671704

SVC [0.57416879795396425, 0.36956521739130432, 0.40909090909090912, 0.45738636363636365, 0.52698863636363635]
0.467439984887

THE BEST CLASSIFIER WAS
GaussianNB
WITH AN AUC OF 
0.48194242618




BEGINNING NEW RUN WITH FEATURE:
T_subj


            BASELINE
            ########
            ########
            
SGDClassifier [0.48849104859335041, 0.4680306905370844, 0.5, 0.47159090909090912, 0.59375]
0.504372529644

GaussianNB [0.65473145780051156, 0.51406649616368294, 0.42245989304812831, 0.51704545454545459, 0.48863636363636365]
0.519387933039

RandomForestClassifier [0.38746803069053715, 0.46163682864450134, 0.49866310160427796, 0.59090909090909094, 0.57102272727272729]
0.501939955824

SVC [0.48849104859335041, 0.53196930946291554, 0.52941176470588236, 0.53977272727272729, 0.40625]
0.499178970007

THE BEST CLASSIFIER WAS
SVC
WITH AN AUC OF 
0.499178970007


            BASELINE -- PREPROCESSED
            ########
            ########
            
SGDClassifier [0.51150895140664954, 0.53196930946291554, 0.5, 0.52840909090909094, 0.59375]
0.533127470356

GaussianNB [0.65473145780051156, 0.51406649616368294, 0.42245989304812831, 0.51704545454545459, 0.48863636363636365]
0.519387933039

RandomForestClassifier [0.39897698209718668, 0.40920716112531969, 0.54411764705882359, 0.59517045454545459, 0.546875]
0.498869448965

SVC [0.48849104859335041, 0.53196930946291554, 0.5, 0.52840909090909094, 0.59375]
0.528523889793

THE BEST CLASSIFIER WAS
RandomForestClassifier
WITH AN AUC OF 
0.498869448965




BEGINNING NEW RUN WITH FEATURE:
T_prpr


            BASELINE
            ########
            ########
            
SGDClassifier [0.43478260869565216, 0.71099744245524299, 0.38502673796791442, 0.5, 0.41761363636363641]
0.489684085096

GaussianNB [0.42710997442455245, 0.28900255754475701, 0.38502673796791442, 0.48579545454545453, 0.51420454545454541]
0.420227853987

RandomForestClassifier [0.61381074168797956, 0.65601023017902804, 0.55481283422459893, 0.59801136363636365, 0.50710227272727271]
0.585949488491

SVC [0.56521739130434789, 0.29028132992327366, 0.61497326203208558, 0.5, 0.41761363636363641]
0.477617123925

THE BEST CLASSIFIER WAS
SGDClassifier
WITH AN AUC OF 
0.489684085096


            BASELINE -- PREPROCESSED
            ########
            ########
            
SGDClassifier [0.43478260869565216, 0.28900255754475701, 0.38502673796791442, 0.5, 0.58238636363636365]
0.438239653569

GaussianNB [0.42710997442455245, 0.28900255754475701, 0.38502673796791442, 0.48579545454545453, 0.51420454545454541]
0.420227853987

RandomForestClassifier [0.65089514066496168, 0.65601023017902815, 0.4866310160427807, 0.61505681818181812, 0.62642045454545447]
0.607002731923

SVC [0.43478260869565216, 0.28644501278772377, 0.38502673796791442, 0.5, 0.41761363636363641]
0.404773599163

THE BEST CLASSIFIER WAS
SGDClassifier
WITH AN AUC OF 
0.438239653569




BEGINNING NEW RUN WITH FEATURE:
T_nrpr


            BASELINE
            ########
            ########
            
SGDClassifier [0.49616368286445012, 0.49104859335038353, 0.45989304812834225, 0.45170454545454547, 0.54829545454545447]
0.489421064869

GaussianNB [0.64961636828644509, 0.49104859335038364, 0.34759358288770048, 0.39772727272727271, 0.44886363636363635]
0.466969890723

RandomForestClassifier [0.60997442455242967, 0.44629156010230175, 0.50668449197860954, 0.51136363636363635, 0.53409090909090906]
0.521681004418

SVC [0.49616368286445012, 0.50895140664961636, 0.45989304812834225, 0.45170454545454547, 0.54829545454545447]
0.493001627528

THE BEST CLASSIFIER WAS
SVC
WITH AN AUC OF 
0.493001627528


            BASELINE -- PREPROCESSED
            ########
            ########
            
SGDClassifier [0.49616368286445012, 0.50895140664961636, 0.54010695187165769, 0.45170454545454547, 0.54829545454545447]
0.509044408277

GaussianNB [0.64961636828644509, 0.49104859335038364, 0.34759358288770048, 0.39772727272727271, 0.44886363636363635]
0.466969890723

RandomForestClassifier [0.57161125319693085, 0.47570332480818411, 0.51470588235294112, 0.46448863636363635, 0.47585227272727271]
0.50047227389

SVC [0.50383631713554977, 0.50895140664961636, 0.54010695187165769, 0.45170454545454547, 0.45170454545454553]
0.491260753313

THE BEST CLASSIFIER WAS
RandomForestClassifier
WITH AN AUC OF 
0.50047227389




BEGINNING NEW RUN WITH FEATURE:
T_sdpr


            BASELINE
            ########
            ########
            
SGDClassifier [0.50127877237851659, 0.48593350383631717, 0.39572192513368981, 0.45170454545454547, 0.50568181818181812]
0.468064112997

GaussianNB [0.54987212276214836, 0.52173913043478259, 0.41711229946524059, 0.36079545454545459, 0.47159090909090912]
0.46422198326

RandomForestClassifier [0.4181585677749361, 0.42583120204603581, 0.72058823529411764, 0.58522727272727271, 0.41619318181818177]
0.513199691932

SVC [0.50127877237851659, 0.5, 0.39572192513368981, 0.546875, 0.49431818181818182]
0.487638775866

THE BEST CLASSIFIER WAS
SVC
WITH AN AUC OF 
0.487638775866


            BASELINE -- PREPROCESSED
            ########
            ########
            
SGDClassifier [0.50127877237851659, 0.48593350383631717, 0.60427807486631013, 0.54829545454545459, 0.50568181818181812]
0.529093524762

GaussianNB [0.54987212276214836, 0.52173913043478259, 0.41711229946524059, 0.36079545454545459, 0.47159090909090912]
0.46422198326

RandomForestClassifier [0.4053708439897698, 0.46675191815856781, 0.68048128342245984, 0.54119318181818177, 0.4375]
0.506259445478

SVC [0.49872122762148335, 0.51406649616368283, 0.60427807486631013, 0.54829545454545459, 0.50568181818181812]
0.534208614276

THE BEST CLASSIFIER WAS
RandomForestClassifier
WITH AN AUC OF 
0.506259445478







        THE BEST FEATURE WAS:
WFC_subj
WITH AN AVG AUC OF:
0.500129693676

        THE BEST PREPROCESSED FEATURE WAS:
GE_pol
WITH AN AVG AUC OF:
0.499196226168

